[2023-04-26 08:25:19] development.ERROR: could not find driver (SQL: select * from information_schema.tables where table_schema = bookstack_db and table_name = migrations and table_type = 'BASE TABLE') {"exception":"[object] (Illuminate\\Database\\QueryException(code: 0): could not find driver (SQL: select * from information_schema.tables where table_schema = bookstack_db and table_name = migrations and table_type = 'BASE TABLE') at /media/khang/Data1/Resources/BookStack/resource/vendor/laravel/framework/src/Illuminate/Database/Connection.php:760)
[stacktrace]
#0 /media/khang/Data1/Resources/BookStack/resource/vendor/laravel/framework/src/Illuminate/Database/Connection.php(720): Illuminate\\Database\\Connection->runQueryCallback()
#1 /media/khang/Data1/Resources/BookStack/resource/vendor/laravel/framework/src/Illuminate/Database/Connection.php(422): Illuminate\\Database\\Connection->run()
#2 /media/khang/Data1/Resources/BookStack/resource/vendor/laravel/framework/src/Illuminate/Database/Connection.php(392): Illuminate\\Database\\Connection->select()
#3 /media/khang/Data1/Resources/BookStack/resource/vendor/laravel/framework/src/Illuminate/Database/Schema/MySqlBuilder.php(44): Illuminate\\Database\\Connection->selectFromWriteConnection()
#4 /media/khang/Data1/Resources/BookStack/resource/vendor/laravel/framework/src/Illuminate/Database/Migrations/DatabaseMigrationRepository.php(169): Illuminate\\Database\\Schema\\MySqlBuilder->hasTable()
#5 /media/khang/Data1/Resources/BookStack/resource/vendor/laravel/framework/src/Illuminate/Database/Migrations/Migrator.php(695): Illuminate\\Database\\Migrations\\DatabaseMigrationRepository->repositoryExists()
#6 /media/khang/Data1/Resources/BookStack/resource/vendor/laravel/framework/src/Illuminate/Database/Console/Migrations/MigrateCommand.php(138): Illuminate\\Database\\Migrations\\Migrator->repositoryExists()
#7 /media/khang/Data1/Resources/BookStack/resource/vendor/laravel/framework/src/Illuminate/Support/helpers.php(247): Illuminate\\Database\\Console\\Migrations\\MigrateCommand->Illuminate\\Database\\Console\\Migrations\\{closure}()
#8 /media/khang/Data1/Resources/BookStack/resource/vendor/laravel/framework/src/Illuminate/Database/Console/Migrations/MigrateCommand.php(157): retry()
#9 /media/khang/Data1/Resources/BookStack/resource/vendor/laravel/framework/src/Illuminate/Database/Console/Migrations/MigrateCommand.php(114): Illuminate\\Database\\Console\\Migrations\\MigrateCommand->repositoryExists()
#10 /media/khang/Data1/Resources/BookStack/resource/vendor/laravel/framework/src/Illuminate/Database/Console/Migrations/MigrateCommand.php(82): Illuminate\\Database\\Console\\Migrations\\MigrateCommand->prepareDatabase()
#11 /media/khang/Data1/Resources/BookStack/resource/vendor/laravel/framework/src/Illuminate/Database/Migrations/Migrator.php(628): Illuminate\\Database\\Console\\Migrations\\MigrateCommand->Illuminate\\Database\\Console\\Migrations\\{closure}()
#12 /media/khang/Data1/Resources/BookStack/resource/vendor/laravel/framework/src/Illuminate/Database/Console/Migrations/MigrateCommand.php(102): Illuminate\\Database\\Migrations\\Migrator->usingConnection()
#13 /media/khang/Data1/Resources/BookStack/resource/vendor/laravel/framework/src/Illuminate/Container/BoundMethod.php(36): Illuminate\\Database\\Console\\Migrations\\MigrateCommand->handle()
#14 /media/khang/Data1/Resources/BookStack/resource/vendor/laravel/framework/src/Illuminate/Container/Util.php(41): Illuminate\\Container\\BoundMethod::Illuminate\\Container\\{closure}()
#15 /media/khang/Data1/Resources/BookStack/resource/vendor/laravel/framework/src/Illuminate/Container/BoundMethod.php(93): Illuminate\\Container\\Util::unwrapIfClosure()
#16 /media/khang/Data1/Resources/BookStack/resource/vendor/laravel/framework/src/Illuminate/Container/BoundMethod.php(37): Illuminate\\Container\\BoundMethod::callBoundMethod()
#17 /media/khang/Data1/Resources/BookStack/resource/vendor/laravel/framework/src/Illuminate/Container/Container.php(661): Illuminate\\Container\\BoundMethod::call()
#18 /media/khang/Data1/Resources/BookStack/resource/vendor/laravel/framework/src/Illuminate/Console/Command.php(183): Illuminate\\Container\\Container->call()
#19 /media/khang/Data1/Resources/BookStack/resource/vendor/symfony/console/Command/Command.php(291): Illuminate\\Console\\Command->execute()
#20 /media/khang/Data1/Resources/BookStack/resource/vendor/laravel/framework/src/Illuminate/Console/Command.php(153): Symfony\\Component\\Console\\Command\\Command->run()
#21 /media/khang/Data1/Resources/BookStack/resource/vendor/symfony/console/Application.php(1014): Illuminate\\Console\\Command->run()
#22 /media/khang/Data1/Resources/BookStack/resource/vendor/symfony/console/Application.php(301): Symfony\\Component\\Console\\Application->doRunCommand()
#23 /media/khang/Data1/Resources/BookStack/resource/vendor/symfony/console/Application.php(171): Symfony\\Component\\Console\\Application->doRun()
#24 /media/khang/Data1/Resources/BookStack/resource/vendor/laravel/framework/src/Illuminate/Console/Application.php(102): Symfony\\Component\\Console\\Application->run()
#25 /media/khang/Data1/Resources/BookStack/resource/vendor/laravel/framework/src/Illuminate/Foundation/Console/Kernel.php(155): Illuminate\\Console\\Application->run()
#26 /media/khang/Data1/Resources/BookStack/resource/artisan(37): Illuminate\\Foundation\\Console\\Kernel->handle()
#27 {main}

[previous exception] [object] (PDOException(code: 0): could not find driver at /media/khang/Data1/Resources/BookStack/resource/vendor/laravel/framework/src/Illuminate/Database/Connectors/Connector.php:70)
[stacktrace]
#0 /media/khang/Data1/Resources/BookStack/resource/vendor/laravel/framework/src/Illuminate/Database/Connectors/Connector.php(70): PDO->__construct()
#1 /media/khang/Data1/Resources/BookStack/resource/vendor/laravel/framework/src/Illuminate/Database/Connectors/Connector.php(46): Illuminate\\Database\\Connectors\\Connector->createPdoConnection()
#2 /media/khang/Data1/Resources/BookStack/resource/vendor/laravel/framework/src/Illuminate/Database/Connectors/MySqlConnector.php(24): Illuminate\\Database\\Connectors\\Connector->createConnection()
#3 /media/khang/Data1/Resources/BookStack/resource/vendor/laravel/framework/src/Illuminate/Database/Connectors/ConnectionFactory.php(184): Illuminate\\Database\\Connectors\\MySqlConnector->connect()
#4 [internal function]: Illuminate\\Database\\Connectors\\ConnectionFactory->Illuminate\\Database\\Connectors\\{closure}()
#5 /media/khang/Data1/Resources/BookStack/resource/vendor/laravel/framework/src/Illuminate/Database/Connection.php(1181): call_user_func()
#6 /media/khang/Data1/Resources/BookStack/resource/vendor/laravel/framework/src/Illuminate/Database/Connection.php(486): Illuminate\\Database\\Connection->getPdo()
#7 /media/khang/Data1/Resources/BookStack/resource/vendor/laravel/framework/src/Illuminate/Database/Connection.php(414): Illuminate\\Database\\Connection->getPdoForSelect()
#8 /media/khang/Data1/Resources/BookStack/resource/vendor/laravel/framework/src/Illuminate/Database/Connection.php(753): Illuminate\\Database\\Connection->Illuminate\\Database\\{closure}()
#9 /media/khang/Data1/Resources/BookStack/resource/vendor/laravel/framework/src/Illuminate/Database/Connection.php(720): Illuminate\\Database\\Connection->runQueryCallback()
#10 /media/khang/Data1/Resources/BookStack/resource/vendor/laravel/framework/src/Illuminate/Database/Connection.php(422): Illuminate\\Database\\Connection->run()
#11 /media/khang/Data1/Resources/BookStack/resource/vendor/laravel/framework/src/Illuminate/Database/Connection.php(392): Illuminate\\Database\\Connection->select()
#12 /media/khang/Data1/Resources/BookStack/resource/vendor/laravel/framework/src/Illuminate/Database/Schema/MySqlBuilder.php(44): Illuminate\\Database\\Connection->selectFromWriteConnection()
#13 /media/khang/Data1/Resources/BookStack/resource/vendor/laravel/framework/src/Illuminate/Database/Migrations/DatabaseMigrationRepository.php(169): Illuminate\\Database\\Schema\\MySqlBuilder->hasTable()
#14 /media/khang/Data1/Resources/BookStack/resource/vendor/laravel/framework/src/Illuminate/Database/Migrations/Migrator.php(695): Illuminate\\Database\\Migrations\\DatabaseMigrationRepository->repositoryExists()
#15 /media/khang/Data1/Resources/BookStack/resource/vendor/laravel/framework/src/Illuminate/Database/Console/Migrations/MigrateCommand.php(138): Illuminate\\Database\\Migrations\\Migrator->repositoryExists()
#16 /media/khang/Data1/Resources/BookStack/resource/vendor/laravel/framework/src/Illuminate/Support/helpers.php(247): Illuminate\\Database\\Console\\Migrations\\MigrateCommand->Illuminate\\Database\\Console\\Migrations\\{closure}()
#17 /media/khang/Data1/Resources/BookStack/resource/vendor/laravel/framework/src/Illuminate/Database/Console/Migrations/MigrateCommand.php(157): retry()
#18 /media/khang/Data1/Resources/BookStack/resource/vendor/laravel/framework/src/Illuminate/Database/Console/Migrations/MigrateCommand.php(114): Illuminate\\Database\\Console\\Migrations\\MigrateCommand->repositoryExists()
#19 /media/khang/Data1/Resources/BookStack/resource/vendor/laravel/framework/src/Illuminate/Database/Console/Migrations/MigrateCommand.php(82): Illuminate\\Database\\Console\\Migrations\\MigrateCommand->prepareDatabase()
#20 /media/khang/Data1/Resources/BookStack/resource/vendor/laravel/framework/src/Illuminate/Database/Migrations/Migrator.php(628): Illuminate\\Database\\Console\\Migrations\\MigrateCommand->Illuminate\\Database\\Console\\Migrations\\{closure}()
#21 /media/khang/Data1/Resources/BookStack/resource/vendor/laravel/framework/src/Illuminate/Database/Console/Migrations/MigrateCommand.php(102): Illuminate\\Database\\Migrations\\Migrator->usingConnection()
#22 /media/khang/Data1/Resources/BookStack/resource/vendor/laravel/framework/src/Illuminate/Container/BoundMethod.php(36): Illuminate\\Database\\Console\\Migrations\\MigrateCommand->handle()
#23 /media/khang/Data1/Resources/BookStack/resource/vendor/laravel/framework/src/Illuminate/Container/Util.php(41): Illuminate\\Container\\BoundMethod::Illuminate\\Container\\{closure}()
#24 /media/khang/Data1/Resources/BookStack/resource/vendor/laravel/framework/src/Illuminate/Container/BoundMethod.php(93): Illuminate\\Container\\Util::unwrapIfClosure()
#25 /media/khang/Data1/Resources/BookStack/resource/vendor/laravel/framework/src/Illuminate/Container/BoundMethod.php(37): Illuminate\\Container\\BoundMethod::callBoundMethod()
#26 /media/khang/Data1/Resources/BookStack/resource/vendor/laravel/framework/src/Illuminate/Container/Container.php(661): Illuminate\\Container\\BoundMethod::call()
#27 /media/khang/Data1/Resources/BookStack/resource/vendor/laravel/framework/src/Illuminate/Console/Command.php(183): Illuminate\\Container\\Container->call()
#28 /media/khang/Data1/Resources/BookStack/resource/vendor/symfony/console/Command/Command.php(291): Illuminate\\Console\\Command->execute()
#29 /media/khang/Data1/Resources/BookStack/resource/vendor/laravel/framework/src/Illuminate/Console/Command.php(153): Symfony\\Component\\Console\\Command\\Command->run()
#30 /media/khang/Data1/Resources/BookStack/resource/vendor/symfony/console/Application.php(1014): Illuminate\\Console\\Command->run()
#31 /media/khang/Data1/Resources/BookStack/resource/vendor/symfony/console/Application.php(301): Symfony\\Component\\Console\\Application->doRunCommand()
#32 /media/khang/Data1/Resources/BookStack/resource/vendor/symfony/console/Application.php(171): Symfony\\Component\\Console\\Application->doRun()
#33 /media/khang/Data1/Resources/BookStack/resource/vendor/laravel/framework/src/Illuminate/Console/Application.php(102): Symfony\\Component\\Console\\Application->run()
#34 /media/khang/Data1/Resources/BookStack/resource/vendor/laravel/framework/src/Illuminate/Foundation/Console/Kernel.php(155): Illuminate\\Console\\Application->run()
#35 /media/khang/Data1/Resources/BookStack/resource/artisan(37): Illuminate\\Foundation\\Console\\Kernel->handle()
#36 {main}
"} 
[2023-04-26 08:29:20] development.ERROR: could not find driver (SQL: select * from information_schema.tables where table_schema = bookstack_db and table_name = migrations and table_type = 'BASE TABLE') {"exception":"[object] (Illuminate\\Database\\QueryException(code: 0): could not find driver (SQL: select * from information_schema.tables where table_schema = bookstack_db and table_name = migrations and table_type = 'BASE TABLE') at /media/khang/Data1/Resources/BookStack/resource/vendor/laravel/framework/src/Illuminate/Database/Connection.php:760)
[stacktrace]
#0 /media/khang/Data1/Resources/BookStack/resource/vendor/laravel/framework/src/Illuminate/Database/Connection.php(720): Illuminate\\Database\\Connection->runQueryCallback()
#1 /media/khang/Data1/Resources/BookStack/resource/vendor/laravel/framework/src/Illuminate/Database/Connection.php(422): Illuminate\\Database\\Connection->run()
#2 /media/khang/Data1/Resources/BookStack/resource/vendor/laravel/framework/src/Illuminate/Database/Connection.php(392): Illuminate\\Database\\Connection->select()
#3 /media/khang/Data1/Resources/BookStack/resource/vendor/laravel/framework/src/Illuminate/Database/Schema/MySqlBuilder.php(44): Illuminate\\Database\\Connection->selectFromWriteConnection()
#4 /media/khang/Data1/Resources/BookStack/resource/vendor/laravel/framework/src/Illuminate/Database/Migrations/DatabaseMigrationRepository.php(169): Illuminate\\Database\\Schema\\MySqlBuilder->hasTable()
#5 /media/khang/Data1/Resources/BookStack/resource/vendor/laravel/framework/src/Illuminate/Database/Migrations/Migrator.php(695): Illuminate\\Database\\Migrations\\DatabaseMigrationRepository->repositoryExists()
#6 /media/khang/Data1/Resources/BookStack/resource/vendor/laravel/framework/src/Illuminate/Database/Console/Migrations/MigrateCommand.php(138): Illuminate\\Database\\Migrations\\Migrator->repositoryExists()
#7 /media/khang/Data1/Resources/BookStack/resource/vendor/laravel/framework/src/Illuminate/Support/helpers.php(247): Illuminate\\Database\\Console\\Migrations\\MigrateCommand->Illuminate\\Database\\Console\\Migrations\\{closure}()
#8 /media/khang/Data1/Resources/BookStack/resource/vendor/laravel/framework/src/Illuminate/Database/Console/Migrations/MigrateCommand.php(157): retry()
#9 /media/khang/Data1/Resources/BookStack/resource/vendor/laravel/framework/src/Illuminate/Database/Console/Migrations/MigrateCommand.php(114): Illuminate\\Database\\Console\\Migrations\\MigrateCommand->repositoryExists()
#10 /media/khang/Data1/Resources/BookStack/resource/vendor/laravel/framework/src/Illuminate/Database/Console/Migrations/MigrateCommand.php(82): Illuminate\\Database\\Console\\Migrations\\MigrateCommand->prepareDatabase()
#11 /media/khang/Data1/Resources/BookStack/resource/vendor/laravel/framework/src/Illuminate/Database/Migrations/Migrator.php(628): Illuminate\\Database\\Console\\Migrations\\MigrateCommand->Illuminate\\Database\\Console\\Migrations\\{closure}()
#12 /media/khang/Data1/Resources/BookStack/resource/vendor/laravel/framework/src/Illuminate/Database/Console/Migrations/MigrateCommand.php(102): Illuminate\\Database\\Migrations\\Migrator->usingConnection()
#13 /media/khang/Data1/Resources/BookStack/resource/vendor/laravel/framework/src/Illuminate/Container/BoundMethod.php(36): Illuminate\\Database\\Console\\Migrations\\MigrateCommand->handle()
#14 /media/khang/Data1/Resources/BookStack/resource/vendor/laravel/framework/src/Illuminate/Container/Util.php(41): Illuminate\\Container\\BoundMethod::Illuminate\\Container\\{closure}()
#15 /media/khang/Data1/Resources/BookStack/resource/vendor/laravel/framework/src/Illuminate/Container/BoundMethod.php(93): Illuminate\\Container\\Util::unwrapIfClosure()
#16 /media/khang/Data1/Resources/BookStack/resource/vendor/laravel/framework/src/Illuminate/Container/BoundMethod.php(37): Illuminate\\Container\\BoundMethod::callBoundMethod()
#17 /media/khang/Data1/Resources/BookStack/resource/vendor/laravel/framework/src/Illuminate/Container/Container.php(661): Illuminate\\Container\\BoundMethod::call()
#18 /media/khang/Data1/Resources/BookStack/resource/vendor/laravel/framework/src/Illuminate/Console/Command.php(183): Illuminate\\Container\\Container->call()
#19 /media/khang/Data1/Resources/BookStack/resource/vendor/symfony/console/Command/Command.php(291): Illuminate\\Console\\Command->execute()
#20 /media/khang/Data1/Resources/BookStack/resource/vendor/laravel/framework/src/Illuminate/Console/Command.php(153): Symfony\\Component\\Console\\Command\\Command->run()
#21 /media/khang/Data1/Resources/BookStack/resource/vendor/symfony/console/Application.php(1014): Illuminate\\Console\\Command->run()
#22 /media/khang/Data1/Resources/BookStack/resource/vendor/symfony/console/Application.php(301): Symfony\\Component\\Console\\Application->doRunCommand()
#23 /media/khang/Data1/Resources/BookStack/resource/vendor/symfony/console/Application.php(171): Symfony\\Component\\Console\\Application->doRun()
#24 /media/khang/Data1/Resources/BookStack/resource/vendor/laravel/framework/src/Illuminate/Console/Application.php(102): Symfony\\Component\\Console\\Application->run()
#25 /media/khang/Data1/Resources/BookStack/resource/vendor/laravel/framework/src/Illuminate/Foundation/Console/Kernel.php(155): Illuminate\\Console\\Application->run()
#26 /media/khang/Data1/Resources/BookStack/resource/artisan(37): Illuminate\\Foundation\\Console\\Kernel->handle()
#27 {main}

[previous exception] [object] (PDOException(code: 0): could not find driver at /media/khang/Data1/Resources/BookStack/resource/vendor/laravel/framework/src/Illuminate/Database/Connectors/Connector.php:70)
[stacktrace]
#0 /media/khang/Data1/Resources/BookStack/resource/vendor/laravel/framework/src/Illuminate/Database/Connectors/Connector.php(70): PDO->__construct()
#1 /media/khang/Data1/Resources/BookStack/resource/vendor/laravel/framework/src/Illuminate/Database/Connectors/Connector.php(46): Illuminate\\Database\\Connectors\\Connector->createPdoConnection()
#2 /media/khang/Data1/Resources/BookStack/resource/vendor/laravel/framework/src/Illuminate/Database/Connectors/MySqlConnector.php(24): Illuminate\\Database\\Connectors\\Connector->createConnection()
#3 /media/khang/Data1/Resources/BookStack/resource/vendor/laravel/framework/src/Illuminate/Database/Connectors/ConnectionFactory.php(184): Illuminate\\Database\\Connectors\\MySqlConnector->connect()
#4 [internal function]: Illuminate\\Database\\Connectors\\ConnectionFactory->Illuminate\\Database\\Connectors\\{closure}()
#5 /media/khang/Data1/Resources/BookStack/resource/vendor/laravel/framework/src/Illuminate/Database/Connection.php(1181): call_user_func()
#6 /media/khang/Data1/Resources/BookStack/resource/vendor/laravel/framework/src/Illuminate/Database/Connection.php(486): Illuminate\\Database\\Connection->getPdo()
#7 /media/khang/Data1/Resources/BookStack/resource/vendor/laravel/framework/src/Illuminate/Database/Connection.php(414): Illuminate\\Database\\Connection->getPdoForSelect()
#8 /media/khang/Data1/Resources/BookStack/resource/vendor/laravel/framework/src/Illuminate/Database/Connection.php(753): Illuminate\\Database\\Connection->Illuminate\\Database\\{closure}()
#9 /media/khang/Data1/Resources/BookStack/resource/vendor/laravel/framework/src/Illuminate/Database/Connection.php(720): Illuminate\\Database\\Connection->runQueryCallback()
#10 /media/khang/Data1/Resources/BookStack/resource/vendor/laravel/framework/src/Illuminate/Database/Connection.php(422): Illuminate\\Database\\Connection->run()
#11 /media/khang/Data1/Resources/BookStack/resource/vendor/laravel/framework/src/Illuminate/Database/Connection.php(392): Illuminate\\Database\\Connection->select()
#12 /media/khang/Data1/Resources/BookStack/resource/vendor/laravel/framework/src/Illuminate/Database/Schema/MySqlBuilder.php(44): Illuminate\\Database\\Connection->selectFromWriteConnection()
#13 /media/khang/Data1/Resources/BookStack/resource/vendor/laravel/framework/src/Illuminate/Database/Migrations/DatabaseMigrationRepository.php(169): Illuminate\\Database\\Schema\\MySqlBuilder->hasTable()
#14 /media/khang/Data1/Resources/BookStack/resource/vendor/laravel/framework/src/Illuminate/Database/Migrations/Migrator.php(695): Illuminate\\Database\\Migrations\\DatabaseMigrationRepository->repositoryExists()
#15 /media/khang/Data1/Resources/BookStack/resource/vendor/laravel/framework/src/Illuminate/Database/Console/Migrations/MigrateCommand.php(138): Illuminate\\Database\\Migrations\\Migrator->repositoryExists()
#16 /media/khang/Data1/Resources/BookStack/resource/vendor/laravel/framework/src/Illuminate/Support/helpers.php(247): Illuminate\\Database\\Console\\Migrations\\MigrateCommand->Illuminate\\Database\\Console\\Migrations\\{closure}()
#17 /media/khang/Data1/Resources/BookStack/resource/vendor/laravel/framework/src/Illuminate/Database/Console/Migrations/MigrateCommand.php(157): retry()
#18 /media/khang/Data1/Resources/BookStack/resource/vendor/laravel/framework/src/Illuminate/Database/Console/Migrations/MigrateCommand.php(114): Illuminate\\Database\\Console\\Migrations\\MigrateCommand->repositoryExists()
#19 /media/khang/Data1/Resources/BookStack/resource/vendor/laravel/framework/src/Illuminate/Database/Console/Migrations/MigrateCommand.php(82): Illuminate\\Database\\Console\\Migrations\\MigrateCommand->prepareDatabase()
#20 /media/khang/Data1/Resources/BookStack/resource/vendor/laravel/framework/src/Illuminate/Database/Migrations/Migrator.php(628): Illuminate\\Database\\Console\\Migrations\\MigrateCommand->Illuminate\\Database\\Console\\Migrations\\{closure}()
#21 /media/khang/Data1/Resources/BookStack/resource/vendor/laravel/framework/src/Illuminate/Database/Console/Migrations/MigrateCommand.php(102): Illuminate\\Database\\Migrations\\Migrator->usingConnection()
#22 /media/khang/Data1/Resources/BookStack/resource/vendor/laravel/framework/src/Illuminate/Container/BoundMethod.php(36): Illuminate\\Database\\Console\\Migrations\\MigrateCommand->handle()
#23 /media/khang/Data1/Resources/BookStack/resource/vendor/laravel/framework/src/Illuminate/Container/Util.php(41): Illuminate\\Container\\BoundMethod::Illuminate\\Container\\{closure}()
#24 /media/khang/Data1/Resources/BookStack/resource/vendor/laravel/framework/src/Illuminate/Container/BoundMethod.php(93): Illuminate\\Container\\Util::unwrapIfClosure()
#25 /media/khang/Data1/Resources/BookStack/resource/vendor/laravel/framework/src/Illuminate/Container/BoundMethod.php(37): Illuminate\\Container\\BoundMethod::callBoundMethod()
#26 /media/khang/Data1/Resources/BookStack/resource/vendor/laravel/framework/src/Illuminate/Container/Container.php(661): Illuminate\\Container\\BoundMethod::call()
#27 /media/khang/Data1/Resources/BookStack/resource/vendor/laravel/framework/src/Illuminate/Console/Command.php(183): Illuminate\\Container\\Container->call()
#28 /media/khang/Data1/Resources/BookStack/resource/vendor/symfony/console/Command/Command.php(291): Illuminate\\Console\\Command->execute()
#29 /media/khang/Data1/Resources/BookStack/resource/vendor/laravel/framework/src/Illuminate/Console/Command.php(153): Symfony\\Component\\Console\\Command\\Command->run()
#30 /media/khang/Data1/Resources/BookStack/resource/vendor/symfony/console/Application.php(1014): Illuminate\\Console\\Command->run()
#31 /media/khang/Data1/Resources/BookStack/resource/vendor/symfony/console/Application.php(301): Symfony\\Component\\Console\\Application->doRunCommand()
#32 /media/khang/Data1/Resources/BookStack/resource/vendor/symfony/console/Application.php(171): Symfony\\Component\\Console\\Application->doRun()
#33 /media/khang/Data1/Resources/BookStack/resource/vendor/laravel/framework/src/Illuminate/Console/Application.php(102): Symfony\\Component\\Console\\Application->run()
#34 /media/khang/Data1/Resources/BookStack/resource/vendor/laravel/framework/src/Illuminate/Foundation/Console/Kernel.php(155): Illuminate\\Console\\Application->run()
#35 /media/khang/Data1/Resources/BookStack/resource/artisan(37): Illuminate\\Foundation\\Console\\Kernel->handle()
#36 {main}
"} 
[2023-04-26 08:30:16] development.ERROR: SQLSTATE[HY000] [2002] No such file or directory (SQL: select * from information_schema.tables where table_schema = bookstack_db and table_name = migrations and table_type = 'BASE TABLE') {"exception":"[object] (Illuminate\\Database\\QueryException(code: 2002): SQLSTATE[HY000] [2002] No such file or directory (SQL: select * from information_schema.tables where table_schema = bookstack_db and table_name = migrations and table_type = 'BASE TABLE') at /media/khang/Data1/Resources/BookStack/resource/vendor/laravel/framework/src/Illuminate/Database/Connection.php:760)
[stacktrace]
#0 /media/khang/Data1/Resources/BookStack/resource/vendor/laravel/framework/src/Illuminate/Database/Connection.php(899): Illuminate\\Database\\Connection->runQueryCallback()
#1 /media/khang/Data1/Resources/BookStack/resource/vendor/laravel/framework/src/Illuminate/Database/Connection.php(879): Illuminate\\Database\\Connection->tryAgainIfCausedByLostConnection()
#2 /media/khang/Data1/Resources/BookStack/resource/vendor/laravel/framework/src/Illuminate/Database/Connection.php(723): Illuminate\\Database\\Connection->handleQueryException()
#3 /media/khang/Data1/Resources/BookStack/resource/vendor/laravel/framework/src/Illuminate/Database/Connection.php(422): Illuminate\\Database\\Connection->run()
#4 /media/khang/Data1/Resources/BookStack/resource/vendor/laravel/framework/src/Illuminate/Database/Connection.php(392): Illuminate\\Database\\Connection->select()
#5 /media/khang/Data1/Resources/BookStack/resource/vendor/laravel/framework/src/Illuminate/Database/Schema/MySqlBuilder.php(44): Illuminate\\Database\\Connection->selectFromWriteConnection()
#6 /media/khang/Data1/Resources/BookStack/resource/vendor/laravel/framework/src/Illuminate/Database/Migrations/DatabaseMigrationRepository.php(169): Illuminate\\Database\\Schema\\MySqlBuilder->hasTable()
#7 /media/khang/Data1/Resources/BookStack/resource/vendor/laravel/framework/src/Illuminate/Database/Migrations/Migrator.php(695): Illuminate\\Database\\Migrations\\DatabaseMigrationRepository->repositoryExists()
#8 /media/khang/Data1/Resources/BookStack/resource/vendor/laravel/framework/src/Illuminate/Database/Console/Migrations/MigrateCommand.php(138): Illuminate\\Database\\Migrations\\Migrator->repositoryExists()
#9 /media/khang/Data1/Resources/BookStack/resource/vendor/laravel/framework/src/Illuminate/Support/helpers.php(247): Illuminate\\Database\\Console\\Migrations\\MigrateCommand->Illuminate\\Database\\Console\\Migrations\\{closure}()
#10 /media/khang/Data1/Resources/BookStack/resource/vendor/laravel/framework/src/Illuminate/Database/Console/Migrations/MigrateCommand.php(157): retry()
#11 /media/khang/Data1/Resources/BookStack/resource/vendor/laravel/framework/src/Illuminate/Database/Console/Migrations/MigrateCommand.php(114): Illuminate\\Database\\Console\\Migrations\\MigrateCommand->repositoryExists()
#12 /media/khang/Data1/Resources/BookStack/resource/vendor/laravel/framework/src/Illuminate/Database/Console/Migrations/MigrateCommand.php(82): Illuminate\\Database\\Console\\Migrations\\MigrateCommand->prepareDatabase()
#13 /media/khang/Data1/Resources/BookStack/resource/vendor/laravel/framework/src/Illuminate/Database/Migrations/Migrator.php(628): Illuminate\\Database\\Console\\Migrations\\MigrateCommand->Illuminate\\Database\\Console\\Migrations\\{closure}()
#14 /media/khang/Data1/Resources/BookStack/resource/vendor/laravel/framework/src/Illuminate/Database/Console/Migrations/MigrateCommand.php(102): Illuminate\\Database\\Migrations\\Migrator->usingConnection()
#15 /media/khang/Data1/Resources/BookStack/resource/vendor/laravel/framework/src/Illuminate/Container/BoundMethod.php(36): Illuminate\\Database\\Console\\Migrations\\MigrateCommand->handle()
#16 /media/khang/Data1/Resources/BookStack/resource/vendor/laravel/framework/src/Illuminate/Container/Util.php(41): Illuminate\\Container\\BoundMethod::Illuminate\\Container\\{closure}()
#17 /media/khang/Data1/Resources/BookStack/resource/vendor/laravel/framework/src/Illuminate/Container/BoundMethod.php(93): Illuminate\\Container\\Util::unwrapIfClosure()
#18 /media/khang/Data1/Resources/BookStack/resource/vendor/laravel/framework/src/Illuminate/Container/BoundMethod.php(37): Illuminate\\Container\\BoundMethod::callBoundMethod()
#19 /media/khang/Data1/Resources/BookStack/resource/vendor/laravel/framework/src/Illuminate/Container/Container.php(661): Illuminate\\Container\\BoundMethod::call()
#20 /media/khang/Data1/Resources/BookStack/resource/vendor/laravel/framework/src/Illuminate/Console/Command.php(183): Illuminate\\Container\\Container->call()
#21 /media/khang/Data1/Resources/BookStack/resource/vendor/symfony/console/Command/Command.php(291): Illuminate\\Console\\Command->execute()
#22 /media/khang/Data1/Resources/BookStack/resource/vendor/laravel/framework/src/Illuminate/Console/Command.php(153): Symfony\\Component\\Console\\Command\\Command->run()
#23 /media/khang/Data1/Resources/BookStack/resource/vendor/symfony/console/Application.php(1014): Illuminate\\Console\\Command->run()
#24 /media/khang/Data1/Resources/BookStack/resource/vendor/symfony/console/Application.php(301): Symfony\\Component\\Console\\Application->doRunCommand()
#25 /media/khang/Data1/Resources/BookStack/resource/vendor/symfony/console/Application.php(171): Symfony\\Component\\Console\\Application->doRun()
#26 /media/khang/Data1/Resources/BookStack/resource/vendor/laravel/framework/src/Illuminate/Console/Application.php(102): Symfony\\Component\\Console\\Application->run()
#27 /media/khang/Data1/Resources/BookStack/resource/vendor/laravel/framework/src/Illuminate/Foundation/Console/Kernel.php(155): Illuminate\\Console\\Application->run()
#28 /media/khang/Data1/Resources/BookStack/resource/artisan(37): Illuminate\\Foundation\\Console\\Kernel->handle()
#29 {main}

[previous exception] [object] (PDOException(code: 2002): SQLSTATE[HY000] [2002] No such file or directory at /media/khang/Data1/Resources/BookStack/resource/vendor/laravel/framework/src/Illuminate/Database/Connectors/Connector.php:70)
[stacktrace]
#0 /media/khang/Data1/Resources/BookStack/resource/vendor/laravel/framework/src/Illuminate/Database/Connectors/Connector.php(70): PDO->__construct()
#1 /media/khang/Data1/Resources/BookStack/resource/vendor/laravel/framework/src/Illuminate/Database/Connectors/Connector.php(100): Illuminate\\Database\\Connectors\\Connector->createPdoConnection()
#2 /media/khang/Data1/Resources/BookStack/resource/vendor/laravel/framework/src/Illuminate/Database/Connectors/Connector.php(50): Illuminate\\Database\\Connectors\\Connector->tryAgainIfCausedByLostConnection()
#3 /media/khang/Data1/Resources/BookStack/resource/vendor/laravel/framework/src/Illuminate/Database/Connectors/MySqlConnector.php(24): Illuminate\\Database\\Connectors\\Connector->createConnection()
#4 /media/khang/Data1/Resources/BookStack/resource/vendor/laravel/framework/src/Illuminate/Database/Connectors/ConnectionFactory.php(184): Illuminate\\Database\\Connectors\\MySqlConnector->connect()
#5 [internal function]: Illuminate\\Database\\Connectors\\ConnectionFactory->Illuminate\\Database\\Connectors\\{closure}()
#6 /media/khang/Data1/Resources/BookStack/resource/vendor/laravel/framework/src/Illuminate/Database/Connection.php(1181): call_user_func()
#7 /media/khang/Data1/Resources/BookStack/resource/vendor/laravel/framework/src/Illuminate/Database/Connection.php(486): Illuminate\\Database\\Connection->getPdo()
#8 /media/khang/Data1/Resources/BookStack/resource/vendor/laravel/framework/src/Illuminate/Database/Connection.php(414): Illuminate\\Database\\Connection->getPdoForSelect()
#9 /media/khang/Data1/Resources/BookStack/resource/vendor/laravel/framework/src/Illuminate/Database/Connection.php(753): Illuminate\\Database\\Connection->Illuminate\\Database\\{closure}()
#10 /media/khang/Data1/Resources/BookStack/resource/vendor/laravel/framework/src/Illuminate/Database/Connection.php(899): Illuminate\\Database\\Connection->runQueryCallback()
#11 /media/khang/Data1/Resources/BookStack/resource/vendor/laravel/framework/src/Illuminate/Database/Connection.php(879): Illuminate\\Database\\Connection->tryAgainIfCausedByLostConnection()
#12 /media/khang/Data1/Resources/BookStack/resource/vendor/laravel/framework/src/Illuminate/Database/Connection.php(723): Illuminate\\Database\\Connection->handleQueryException()
#13 /media/khang/Data1/Resources/BookStack/resource/vendor/laravel/framework/src/Illuminate/Database/Connection.php(422): Illuminate\\Database\\Connection->run()
#14 /media/khang/Data1/Resources/BookStack/resource/vendor/laravel/framework/src/Illuminate/Database/Connection.php(392): Illuminate\\Database\\Connection->select()
#15 /media/khang/Data1/Resources/BookStack/resource/vendor/laravel/framework/src/Illuminate/Database/Schema/MySqlBuilder.php(44): Illuminate\\Database\\Connection->selectFromWriteConnection()
#16 /media/khang/Data1/Resources/BookStack/resource/vendor/laravel/framework/src/Illuminate/Database/Migrations/DatabaseMigrationRepository.php(169): Illuminate\\Database\\Schema\\MySqlBuilder->hasTable()
#17 /media/khang/Data1/Resources/BookStack/resource/vendor/laravel/framework/src/Illuminate/Database/Migrations/Migrator.php(695): Illuminate\\Database\\Migrations\\DatabaseMigrationRepository->repositoryExists()
#18 /media/khang/Data1/Resources/BookStack/resource/vendor/laravel/framework/src/Illuminate/Database/Console/Migrations/MigrateCommand.php(138): Illuminate\\Database\\Migrations\\Migrator->repositoryExists()
#19 /media/khang/Data1/Resources/BookStack/resource/vendor/laravel/framework/src/Illuminate/Support/helpers.php(247): Illuminate\\Database\\Console\\Migrations\\MigrateCommand->Illuminate\\Database\\Console\\Migrations\\{closure}()
#20 /media/khang/Data1/Resources/BookStack/resource/vendor/laravel/framework/src/Illuminate/Database/Console/Migrations/MigrateCommand.php(157): retry()
#21 /media/khang/Data1/Resources/BookStack/resource/vendor/laravel/framework/src/Illuminate/Database/Console/Migrations/MigrateCommand.php(114): Illuminate\\Database\\Console\\Migrations\\MigrateCommand->repositoryExists()
#22 /media/khang/Data1/Resources/BookStack/resource/vendor/laravel/framework/src/Illuminate/Database/Console/Migrations/MigrateCommand.php(82): Illuminate\\Database\\Console\\Migrations\\MigrateCommand->prepareDatabase()
#23 /media/khang/Data1/Resources/BookStack/resource/vendor/laravel/framework/src/Illuminate/Database/Migrations/Migrator.php(628): Illuminate\\Database\\Console\\Migrations\\MigrateCommand->Illuminate\\Database\\Console\\Migrations\\{closure}()
#24 /media/khang/Data1/Resources/BookStack/resource/vendor/laravel/framework/src/Illuminate/Database/Console/Migrations/MigrateCommand.php(102): Illuminate\\Database\\Migrations\\Migrator->usingConnection()
#25 /media/khang/Data1/Resources/BookStack/resource/vendor/laravel/framework/src/Illuminate/Container/BoundMethod.php(36): Illuminate\\Database\\Console\\Migrations\\MigrateCommand->handle()
#26 /media/khang/Data1/Resources/BookStack/resource/vendor/laravel/framework/src/Illuminate/Container/Util.php(41): Illuminate\\Container\\BoundMethod::Illuminate\\Container\\{closure}()
#27 /media/khang/Data1/Resources/BookStack/resource/vendor/laravel/framework/src/Illuminate/Container/BoundMethod.php(93): Illuminate\\Container\\Util::unwrapIfClosure()
#28 /media/khang/Data1/Resources/BookStack/resource/vendor/laravel/framework/src/Illuminate/Container/BoundMethod.php(37): Illuminate\\Container\\BoundMethod::callBoundMethod()
#29 /media/khang/Data1/Resources/BookStack/resource/vendor/laravel/framework/src/Illuminate/Container/Container.php(661): Illuminate\\Container\\BoundMethod::call()
#30 /media/khang/Data1/Resources/BookStack/resource/vendor/laravel/framework/src/Illuminate/Console/Command.php(183): Illuminate\\Container\\Container->call()
#31 /media/khang/Data1/Resources/BookStack/resource/vendor/symfony/console/Command/Command.php(291): Illuminate\\Console\\Command->execute()
#32 /media/khang/Data1/Resources/BookStack/resource/vendor/laravel/framework/src/Illuminate/Console/Command.php(153): Symfony\\Component\\Console\\Command\\Command->run()
#33 /media/khang/Data1/Resources/BookStack/resource/vendor/symfony/console/Application.php(1014): Illuminate\\Console\\Command->run()
#34 /media/khang/Data1/Resources/BookStack/resource/vendor/symfony/console/Application.php(301): Symfony\\Component\\Console\\Application->doRunCommand()
#35 /media/khang/Data1/Resources/BookStack/resource/vendor/symfony/console/Application.php(171): Symfony\\Component\\Console\\Application->doRun()
#36 /media/khang/Data1/Resources/BookStack/resource/vendor/laravel/framework/src/Illuminate/Console/Application.php(102): Symfony\\Component\\Console\\Application->run()
#37 /media/khang/Data1/Resources/BookStack/resource/vendor/laravel/framework/src/Illuminate/Foundation/Console/Kernel.php(155): Illuminate\\Console\\Application->run()
#38 /media/khang/Data1/Resources/BookStack/resource/artisan(37): Illuminate\\Foundation\\Console\\Kernel->handle()
#39 {main}
"} 
[2023-04-26 08:31:33] development.ERROR: SQLSTATE[HY000] [2002] No such file or directory (SQL: select * from information_schema.tables where table_schema = bookstack_db and table_name = migrations and table_type = 'BASE TABLE') {"exception":"[object] (Illuminate\\Database\\QueryException(code: 2002): SQLSTATE[HY000] [2002] No such file or directory (SQL: select * from information_schema.tables where table_schema = bookstack_db and table_name = migrations and table_type = 'BASE TABLE') at /media/khang/Data1/Resources/BookStack/resource/vendor/laravel/framework/src/Illuminate/Database/Connection.php:760)
[stacktrace]
#0 /media/khang/Data1/Resources/BookStack/resource/vendor/laravel/framework/src/Illuminate/Database/Connection.php(899): Illuminate\\Database\\Connection->runQueryCallback()
#1 /media/khang/Data1/Resources/BookStack/resource/vendor/laravel/framework/src/Illuminate/Database/Connection.php(879): Illuminate\\Database\\Connection->tryAgainIfCausedByLostConnection()
#2 /media/khang/Data1/Resources/BookStack/resource/vendor/laravel/framework/src/Illuminate/Database/Connection.php(723): Illuminate\\Database\\Connection->handleQueryException()
#3 /media/khang/Data1/Resources/BookStack/resource/vendor/laravel/framework/src/Illuminate/Database/Connection.php(422): Illuminate\\Database\\Connection->run()
#4 /media/khang/Data1/Resources/BookStack/resource/vendor/laravel/framework/src/Illuminate/Database/Connection.php(392): Illuminate\\Database\\Connection->select()
#5 /media/khang/Data1/Resources/BookStack/resource/vendor/laravel/framework/src/Illuminate/Database/Schema/MySqlBuilder.php(44): Illuminate\\Database\\Connection->selectFromWriteConnection()
#6 /media/khang/Data1/Resources/BookStack/resource/vendor/laravel/framework/src/Illuminate/Database/Migrations/DatabaseMigrationRepository.php(169): Illuminate\\Database\\Schema\\MySqlBuilder->hasTable()
#7 /media/khang/Data1/Resources/BookStack/resource/vendor/laravel/framework/src/Illuminate/Database/Migrations/Migrator.php(695): Illuminate\\Database\\Migrations\\DatabaseMigrationRepository->repositoryExists()
#8 /media/khang/Data1/Resources/BookStack/resource/vendor/laravel/framework/src/Illuminate/Database/Console/Migrations/MigrateCommand.php(138): Illuminate\\Database\\Migrations\\Migrator->repositoryExists()
#9 /media/khang/Data1/Resources/BookStack/resource/vendor/laravel/framework/src/Illuminate/Support/helpers.php(247): Illuminate\\Database\\Console\\Migrations\\MigrateCommand->Illuminate\\Database\\Console\\Migrations\\{closure}()
#10 /media/khang/Data1/Resources/BookStack/resource/vendor/laravel/framework/src/Illuminate/Database/Console/Migrations/MigrateCommand.php(157): retry()
#11 /media/khang/Data1/Resources/BookStack/resource/vendor/laravel/framework/src/Illuminate/Database/Console/Migrations/MigrateCommand.php(114): Illuminate\\Database\\Console\\Migrations\\MigrateCommand->repositoryExists()
#12 /media/khang/Data1/Resources/BookStack/resource/vendor/laravel/framework/src/Illuminate/Database/Console/Migrations/MigrateCommand.php(82): Illuminate\\Database\\Console\\Migrations\\MigrateCommand->prepareDatabase()
#13 /media/khang/Data1/Resources/BookStack/resource/vendor/laravel/framework/src/Illuminate/Database/Migrations/Migrator.php(628): Illuminate\\Database\\Console\\Migrations\\MigrateCommand->Illuminate\\Database\\Console\\Migrations\\{closure}()
#14 /media/khang/Data1/Resources/BookStack/resource/vendor/laravel/framework/src/Illuminate/Database/Console/Migrations/MigrateCommand.php(102): Illuminate\\Database\\Migrations\\Migrator->usingConnection()
#15 /media/khang/Data1/Resources/BookStack/resource/vendor/laravel/framework/src/Illuminate/Container/BoundMethod.php(36): Illuminate\\Database\\Console\\Migrations\\MigrateCommand->handle()
#16 /media/khang/Data1/Resources/BookStack/resource/vendor/laravel/framework/src/Illuminate/Container/Util.php(41): Illuminate\\Container\\BoundMethod::Illuminate\\Container\\{closure}()
#17 /media/khang/Data1/Resources/BookStack/resource/vendor/laravel/framework/src/Illuminate/Container/BoundMethod.php(93): Illuminate\\Container\\Util::unwrapIfClosure()
#18 /media/khang/Data1/Resources/BookStack/resource/vendor/laravel/framework/src/Illuminate/Container/BoundMethod.php(37): Illuminate\\Container\\BoundMethod::callBoundMethod()
#19 /media/khang/Data1/Resources/BookStack/resource/vendor/laravel/framework/src/Illuminate/Container/Container.php(661): Illuminate\\Container\\BoundMethod::call()
#20 /media/khang/Data1/Resources/BookStack/resource/vendor/laravel/framework/src/Illuminate/Console/Command.php(183): Illuminate\\Container\\Container->call()
#21 /media/khang/Data1/Resources/BookStack/resource/vendor/symfony/console/Command/Command.php(291): Illuminate\\Console\\Command->execute()
#22 /media/khang/Data1/Resources/BookStack/resource/vendor/laravel/framework/src/Illuminate/Console/Command.php(153): Symfony\\Component\\Console\\Command\\Command->run()
#23 /media/khang/Data1/Resources/BookStack/resource/vendor/symfony/console/Application.php(1014): Illuminate\\Console\\Command->run()
#24 /media/khang/Data1/Resources/BookStack/resource/vendor/symfony/console/Application.php(301): Symfony\\Component\\Console\\Application->doRunCommand()
#25 /media/khang/Data1/Resources/BookStack/resource/vendor/symfony/console/Application.php(171): Symfony\\Component\\Console\\Application->doRun()
#26 /media/khang/Data1/Resources/BookStack/resource/vendor/laravel/framework/src/Illuminate/Console/Application.php(102): Symfony\\Component\\Console\\Application->run()
#27 /media/khang/Data1/Resources/BookStack/resource/vendor/laravel/framework/src/Illuminate/Foundation/Console/Kernel.php(155): Illuminate\\Console\\Application->run()
#28 /media/khang/Data1/Resources/BookStack/resource/artisan(37): Illuminate\\Foundation\\Console\\Kernel->handle()
#29 {main}

[previous exception] [object] (PDOException(code: 2002): SQLSTATE[HY000] [2002] No such file or directory at /media/khang/Data1/Resources/BookStack/resource/vendor/laravel/framework/src/Illuminate/Database/Connectors/Connector.php:70)
[stacktrace]
#0 /media/khang/Data1/Resources/BookStack/resource/vendor/laravel/framework/src/Illuminate/Database/Connectors/Connector.php(70): PDO->__construct()
#1 /media/khang/Data1/Resources/BookStack/resource/vendor/laravel/framework/src/Illuminate/Database/Connectors/Connector.php(100): Illuminate\\Database\\Connectors\\Connector->createPdoConnection()
#2 /media/khang/Data1/Resources/BookStack/resource/vendor/laravel/framework/src/Illuminate/Database/Connectors/Connector.php(50): Illuminate\\Database\\Connectors\\Connector->tryAgainIfCausedByLostConnection()
#3 /media/khang/Data1/Resources/BookStack/resource/vendor/laravel/framework/src/Illuminate/Database/Connectors/MySqlConnector.php(24): Illuminate\\Database\\Connectors\\Connector->createConnection()
#4 /media/khang/Data1/Resources/BookStack/resource/vendor/laravel/framework/src/Illuminate/Database/Connectors/ConnectionFactory.php(184): Illuminate\\Database\\Connectors\\MySqlConnector->connect()
#5 [internal function]: Illuminate\\Database\\Connectors\\ConnectionFactory->Illuminate\\Database\\Connectors\\{closure}()
#6 /media/khang/Data1/Resources/BookStack/resource/vendor/laravel/framework/src/Illuminate/Database/Connection.php(1181): call_user_func()
#7 /media/khang/Data1/Resources/BookStack/resource/vendor/laravel/framework/src/Illuminate/Database/Connection.php(486): Illuminate\\Database\\Connection->getPdo()
#8 /media/khang/Data1/Resources/BookStack/resource/vendor/laravel/framework/src/Illuminate/Database/Connection.php(414): Illuminate\\Database\\Connection->getPdoForSelect()
#9 /media/khang/Data1/Resources/BookStack/resource/vendor/laravel/framework/src/Illuminate/Database/Connection.php(753): Illuminate\\Database\\Connection->Illuminate\\Database\\{closure}()
#10 /media/khang/Data1/Resources/BookStack/resource/vendor/laravel/framework/src/Illuminate/Database/Connection.php(899): Illuminate\\Database\\Connection->runQueryCallback()
#11 /media/khang/Data1/Resources/BookStack/resource/vendor/laravel/framework/src/Illuminate/Database/Connection.php(879): Illuminate\\Database\\Connection->tryAgainIfCausedByLostConnection()
#12 /media/khang/Data1/Resources/BookStack/resource/vendor/laravel/framework/src/Illuminate/Database/Connection.php(723): Illuminate\\Database\\Connection->handleQueryException()
#13 /media/khang/Data1/Resources/BookStack/resource/vendor/laravel/framework/src/Illuminate/Database/Connection.php(422): Illuminate\\Database\\Connection->run()
#14 /media/khang/Data1/Resources/BookStack/resource/vendor/laravel/framework/src/Illuminate/Database/Connection.php(392): Illuminate\\Database\\Connection->select()
#15 /media/khang/Data1/Resources/BookStack/resource/vendor/laravel/framework/src/Illuminate/Database/Schema/MySqlBuilder.php(44): Illuminate\\Database\\Connection->selectFromWriteConnection()
#16 /media/khang/Data1/Resources/BookStack/resource/vendor/laravel/framework/src/Illuminate/Database/Migrations/DatabaseMigrationRepository.php(169): Illuminate\\Database\\Schema\\MySqlBuilder->hasTable()
#17 /media/khang/Data1/Resources/BookStack/resource/vendor/laravel/framework/src/Illuminate/Database/Migrations/Migrator.php(695): Illuminate\\Database\\Migrations\\DatabaseMigrationRepository->repositoryExists()
#18 /media/khang/Data1/Resources/BookStack/resource/vendor/laravel/framework/src/Illuminate/Database/Console/Migrations/MigrateCommand.php(138): Illuminate\\Database\\Migrations\\Migrator->repositoryExists()
#19 /media/khang/Data1/Resources/BookStack/resource/vendor/laravel/framework/src/Illuminate/Support/helpers.php(247): Illuminate\\Database\\Console\\Migrations\\MigrateCommand->Illuminate\\Database\\Console\\Migrations\\{closure}()
#20 /media/khang/Data1/Resources/BookStack/resource/vendor/laravel/framework/src/Illuminate/Database/Console/Migrations/MigrateCommand.php(157): retry()
#21 /media/khang/Data1/Resources/BookStack/resource/vendor/laravel/framework/src/Illuminate/Database/Console/Migrations/MigrateCommand.php(114): Illuminate\\Database\\Console\\Migrations\\MigrateCommand->repositoryExists()
#22 /media/khang/Data1/Resources/BookStack/resource/vendor/laravel/framework/src/Illuminate/Database/Console/Migrations/MigrateCommand.php(82): Illuminate\\Database\\Console\\Migrations\\MigrateCommand->prepareDatabase()
#23 /media/khang/Data1/Resources/BookStack/resource/vendor/laravel/framework/src/Illuminate/Database/Migrations/Migrator.php(628): Illuminate\\Database\\Console\\Migrations\\MigrateCommand->Illuminate\\Database\\Console\\Migrations\\{closure}()
#24 /media/khang/Data1/Resources/BookStack/resource/vendor/laravel/framework/src/Illuminate/Database/Console/Migrations/MigrateCommand.php(102): Illuminate\\Database\\Migrations\\Migrator->usingConnection()
#25 /media/khang/Data1/Resources/BookStack/resource/vendor/laravel/framework/src/Illuminate/Container/BoundMethod.php(36): Illuminate\\Database\\Console\\Migrations\\MigrateCommand->handle()
#26 /media/khang/Data1/Resources/BookStack/resource/vendor/laravel/framework/src/Illuminate/Container/Util.php(41): Illuminate\\Container\\BoundMethod::Illuminate\\Container\\{closure}()
#27 /media/khang/Data1/Resources/BookStack/resource/vendor/laravel/framework/src/Illuminate/Container/BoundMethod.php(93): Illuminate\\Container\\Util::unwrapIfClosure()
#28 /media/khang/Data1/Resources/BookStack/resource/vendor/laravel/framework/src/Illuminate/Container/BoundMethod.php(37): Illuminate\\Container\\BoundMethod::callBoundMethod()
#29 /media/khang/Data1/Resources/BookStack/resource/vendor/laravel/framework/src/Illuminate/Container/Container.php(661): Illuminate\\Container\\BoundMethod::call()
#30 /media/khang/Data1/Resources/BookStack/resource/vendor/laravel/framework/src/Illuminate/Console/Command.php(183): Illuminate\\Container\\Container->call()
#31 /media/khang/Data1/Resources/BookStack/resource/vendor/symfony/console/Command/Command.php(291): Illuminate\\Console\\Command->execute()
#32 /media/khang/Data1/Resources/BookStack/resource/vendor/laravel/framework/src/Illuminate/Console/Command.php(153): Symfony\\Component\\Console\\Command\\Command->run()
#33 /media/khang/Data1/Resources/BookStack/resource/vendor/symfony/console/Application.php(1014): Illuminate\\Console\\Command->run()
#34 /media/khang/Data1/Resources/BookStack/resource/vendor/symfony/console/Application.php(301): Symfony\\Component\\Console\\Application->doRunCommand()
#35 /media/khang/Data1/Resources/BookStack/resource/vendor/symfony/console/Application.php(171): Symfony\\Component\\Console\\Application->doRun()
#36 /media/khang/Data1/Resources/BookStack/resource/vendor/laravel/framework/src/Illuminate/Console/Application.php(102): Symfony\\Component\\Console\\Application->run()
#37 /media/khang/Data1/Resources/BookStack/resource/vendor/laravel/framework/src/Illuminate/Foundation/Console/Kernel.php(155): Illuminate\\Console\\Application->run()
#38 /media/khang/Data1/Resources/BookStack/resource/artisan(37): Illuminate\\Foundation\\Console\\Kernel->handle()
#39 {main}
"} 
[2023-04-26 08:31:47] development.ERROR: SQLSTATE[HY000] [2002] No such file or directory (SQL: select * from information_schema.tables where table_schema = bookstack_db and table_name = migrations and table_type = 'BASE TABLE') {"exception":"[object] (Illuminate\\Database\\QueryException(code: 2002): SQLSTATE[HY000] [2002] No such file or directory (SQL: select * from information_schema.tables where table_schema = bookstack_db and table_name = migrations and table_type = 'BASE TABLE') at /media/khang/Data1/Resources/BookStack/resource/vendor/laravel/framework/src/Illuminate/Database/Connection.php:760)
[stacktrace]
#0 /media/khang/Data1/Resources/BookStack/resource/vendor/laravel/framework/src/Illuminate/Database/Connection.php(899): Illuminate\\Database\\Connection->runQueryCallback()
#1 /media/khang/Data1/Resources/BookStack/resource/vendor/laravel/framework/src/Illuminate/Database/Connection.php(879): Illuminate\\Database\\Connection->tryAgainIfCausedByLostConnection()
#2 /media/khang/Data1/Resources/BookStack/resource/vendor/laravel/framework/src/Illuminate/Database/Connection.php(723): Illuminate\\Database\\Connection->handleQueryException()
#3 /media/khang/Data1/Resources/BookStack/resource/vendor/laravel/framework/src/Illuminate/Database/Connection.php(422): Illuminate\\Database\\Connection->run()
#4 /media/khang/Data1/Resources/BookStack/resource/vendor/laravel/framework/src/Illuminate/Database/Connection.php(392): Illuminate\\Database\\Connection->select()
#5 /media/khang/Data1/Resources/BookStack/resource/vendor/laravel/framework/src/Illuminate/Database/Schema/MySqlBuilder.php(44): Illuminate\\Database\\Connection->selectFromWriteConnection()
#6 /media/khang/Data1/Resources/BookStack/resource/vendor/laravel/framework/src/Illuminate/Database/Migrations/DatabaseMigrationRepository.php(169): Illuminate\\Database\\Schema\\MySqlBuilder->hasTable()
#7 /media/khang/Data1/Resources/BookStack/resource/vendor/laravel/framework/src/Illuminate/Database/Migrations/Migrator.php(695): Illuminate\\Database\\Migrations\\DatabaseMigrationRepository->repositoryExists()
#8 /media/khang/Data1/Resources/BookStack/resource/vendor/laravel/framework/src/Illuminate/Database/Console/Migrations/MigrateCommand.php(138): Illuminate\\Database\\Migrations\\Migrator->repositoryExists()
#9 /media/khang/Data1/Resources/BookStack/resource/vendor/laravel/framework/src/Illuminate/Support/helpers.php(247): Illuminate\\Database\\Console\\Migrations\\MigrateCommand->Illuminate\\Database\\Console\\Migrations\\{closure}()
#10 /media/khang/Data1/Resources/BookStack/resource/vendor/laravel/framework/src/Illuminate/Database/Console/Migrations/MigrateCommand.php(157): retry()
#11 /media/khang/Data1/Resources/BookStack/resource/vendor/laravel/framework/src/Illuminate/Database/Console/Migrations/MigrateCommand.php(114): Illuminate\\Database\\Console\\Migrations\\MigrateCommand->repositoryExists()
#12 /media/khang/Data1/Resources/BookStack/resource/vendor/laravel/framework/src/Illuminate/Database/Console/Migrations/MigrateCommand.php(82): Illuminate\\Database\\Console\\Migrations\\MigrateCommand->prepareDatabase()
#13 /media/khang/Data1/Resources/BookStack/resource/vendor/laravel/framework/src/Illuminate/Database/Migrations/Migrator.php(628): Illuminate\\Database\\Console\\Migrations\\MigrateCommand->Illuminate\\Database\\Console\\Migrations\\{closure}()
#14 /media/khang/Data1/Resources/BookStack/resource/vendor/laravel/framework/src/Illuminate/Database/Console/Migrations/MigrateCommand.php(102): Illuminate\\Database\\Migrations\\Migrator->usingConnection()
#15 /media/khang/Data1/Resources/BookStack/resource/vendor/laravel/framework/src/Illuminate/Container/BoundMethod.php(36): Illuminate\\Database\\Console\\Migrations\\MigrateCommand->handle()
#16 /media/khang/Data1/Resources/BookStack/resource/vendor/laravel/framework/src/Illuminate/Container/Util.php(41): Illuminate\\Container\\BoundMethod::Illuminate\\Container\\{closure}()
#17 /media/khang/Data1/Resources/BookStack/resource/vendor/laravel/framework/src/Illuminate/Container/BoundMethod.php(93): Illuminate\\Container\\Util::unwrapIfClosure()
#18 /media/khang/Data1/Resources/BookStack/resource/vendor/laravel/framework/src/Illuminate/Container/BoundMethod.php(37): Illuminate\\Container\\BoundMethod::callBoundMethod()
#19 /media/khang/Data1/Resources/BookStack/resource/vendor/laravel/framework/src/Illuminate/Container/Container.php(661): Illuminate\\Container\\BoundMethod::call()
#20 /media/khang/Data1/Resources/BookStack/resource/vendor/laravel/framework/src/Illuminate/Console/Command.php(183): Illuminate\\Container\\Container->call()
#21 /media/khang/Data1/Resources/BookStack/resource/vendor/symfony/console/Command/Command.php(291): Illuminate\\Console\\Command->execute()
#22 /media/khang/Data1/Resources/BookStack/resource/vendor/laravel/framework/src/Illuminate/Console/Command.php(153): Symfony\\Component\\Console\\Command\\Command->run()
#23 /media/khang/Data1/Resources/BookStack/resource/vendor/symfony/console/Application.php(1014): Illuminate\\Console\\Command->run()
#24 /media/khang/Data1/Resources/BookStack/resource/vendor/symfony/console/Application.php(301): Symfony\\Component\\Console\\Application->doRunCommand()
#25 /media/khang/Data1/Resources/BookStack/resource/vendor/symfony/console/Application.php(171): Symfony\\Component\\Console\\Application->doRun()
#26 /media/khang/Data1/Resources/BookStack/resource/vendor/laravel/framework/src/Illuminate/Console/Application.php(102): Symfony\\Component\\Console\\Application->run()
#27 /media/khang/Data1/Resources/BookStack/resource/vendor/laravel/framework/src/Illuminate/Foundation/Console/Kernel.php(155): Illuminate\\Console\\Application->run()
#28 /media/khang/Data1/Resources/BookStack/resource/artisan(37): Illuminate\\Foundation\\Console\\Kernel->handle()
#29 {main}

[previous exception] [object] (PDOException(code: 2002): SQLSTATE[HY000] [2002] No such file or directory at /media/khang/Data1/Resources/BookStack/resource/vendor/laravel/framework/src/Illuminate/Database/Connectors/Connector.php:70)
[stacktrace]
#0 /media/khang/Data1/Resources/BookStack/resource/vendor/laravel/framework/src/Illuminate/Database/Connectors/Connector.php(70): PDO->__construct()
#1 /media/khang/Data1/Resources/BookStack/resource/vendor/laravel/framework/src/Illuminate/Database/Connectors/Connector.php(100): Illuminate\\Database\\Connectors\\Connector->createPdoConnection()
#2 /media/khang/Data1/Resources/BookStack/resource/vendor/laravel/framework/src/Illuminate/Database/Connectors/Connector.php(50): Illuminate\\Database\\Connectors\\Connector->tryAgainIfCausedByLostConnection()
#3 /media/khang/Data1/Resources/BookStack/resource/vendor/laravel/framework/src/Illuminate/Database/Connectors/MySqlConnector.php(24): Illuminate\\Database\\Connectors\\Connector->createConnection()
#4 /media/khang/Data1/Resources/BookStack/resource/vendor/laravel/framework/src/Illuminate/Database/Connectors/ConnectionFactory.php(184): Illuminate\\Database\\Connectors\\MySqlConnector->connect()
#5 [internal function]: Illuminate\\Database\\Connectors\\ConnectionFactory->Illuminate\\Database\\Connectors\\{closure}()
#6 /media/khang/Data1/Resources/BookStack/resource/vendor/laravel/framework/src/Illuminate/Database/Connection.php(1181): call_user_func()
#7 /media/khang/Data1/Resources/BookStack/resource/vendor/laravel/framework/src/Illuminate/Database/Connection.php(486): Illuminate\\Database\\Connection->getPdo()
#8 /media/khang/Data1/Resources/BookStack/resource/vendor/laravel/framework/src/Illuminate/Database/Connection.php(414): Illuminate\\Database\\Connection->getPdoForSelect()
#9 /media/khang/Data1/Resources/BookStack/resource/vendor/laravel/framework/src/Illuminate/Database/Connection.php(753): Illuminate\\Database\\Connection->Illuminate\\Database\\{closure}()
#10 /media/khang/Data1/Resources/BookStack/resource/vendor/laravel/framework/src/Illuminate/Database/Connection.php(899): Illuminate\\Database\\Connection->runQueryCallback()
#11 /media/khang/Data1/Resources/BookStack/resource/vendor/laravel/framework/src/Illuminate/Database/Connection.php(879): Illuminate\\Database\\Connection->tryAgainIfCausedByLostConnection()
#12 /media/khang/Data1/Resources/BookStack/resource/vendor/laravel/framework/src/Illuminate/Database/Connection.php(723): Illuminate\\Database\\Connection->handleQueryException()
#13 /media/khang/Data1/Resources/BookStack/resource/vendor/laravel/framework/src/Illuminate/Database/Connection.php(422): Illuminate\\Database\\Connection->run()
#14 /media/khang/Data1/Resources/BookStack/resource/vendor/laravel/framework/src/Illuminate/Database/Connection.php(392): Illuminate\\Database\\Connection->select()
#15 /media/khang/Data1/Resources/BookStack/resource/vendor/laravel/framework/src/Illuminate/Database/Schema/MySqlBuilder.php(44): Illuminate\\Database\\Connection->selectFromWriteConnection()
#16 /media/khang/Data1/Resources/BookStack/resource/vendor/laravel/framework/src/Illuminate/Database/Migrations/DatabaseMigrationRepository.php(169): Illuminate\\Database\\Schema\\MySqlBuilder->hasTable()
#17 /media/khang/Data1/Resources/BookStack/resource/vendor/laravel/framework/src/Illuminate/Database/Migrations/Migrator.php(695): Illuminate\\Database\\Migrations\\DatabaseMigrationRepository->repositoryExists()
#18 /media/khang/Data1/Resources/BookStack/resource/vendor/laravel/framework/src/Illuminate/Database/Console/Migrations/MigrateCommand.php(138): Illuminate\\Database\\Migrations\\Migrator->repositoryExists()
#19 /media/khang/Data1/Resources/BookStack/resource/vendor/laravel/framework/src/Illuminate/Support/helpers.php(247): Illuminate\\Database\\Console\\Migrations\\MigrateCommand->Illuminate\\Database\\Console\\Migrations\\{closure}()
#20 /media/khang/Data1/Resources/BookStack/resource/vendor/laravel/framework/src/Illuminate/Database/Console/Migrations/MigrateCommand.php(157): retry()
#21 /media/khang/Data1/Resources/BookStack/resource/vendor/laravel/framework/src/Illuminate/Database/Console/Migrations/MigrateCommand.php(114): Illuminate\\Database\\Console\\Migrations\\MigrateCommand->repositoryExists()
#22 /media/khang/Data1/Resources/BookStack/resource/vendor/laravel/framework/src/Illuminate/Database/Console/Migrations/MigrateCommand.php(82): Illuminate\\Database\\Console\\Migrations\\MigrateCommand->prepareDatabase()
#23 /media/khang/Data1/Resources/BookStack/resource/vendor/laravel/framework/src/Illuminate/Database/Migrations/Migrator.php(628): Illuminate\\Database\\Console\\Migrations\\MigrateCommand->Illuminate\\Database\\Console\\Migrations\\{closure}()
#24 /media/khang/Data1/Resources/BookStack/resource/vendor/laravel/framework/src/Illuminate/Database/Console/Migrations/MigrateCommand.php(102): Illuminate\\Database\\Migrations\\Migrator->usingConnection()
#25 /media/khang/Data1/Resources/BookStack/resource/vendor/laravel/framework/src/Illuminate/Container/BoundMethod.php(36): Illuminate\\Database\\Console\\Migrations\\MigrateCommand->handle()
#26 /media/khang/Data1/Resources/BookStack/resource/vendor/laravel/framework/src/Illuminate/Container/Util.php(41): Illuminate\\Container\\BoundMethod::Illuminate\\Container\\{closure}()
#27 /media/khang/Data1/Resources/BookStack/resource/vendor/laravel/framework/src/Illuminate/Container/BoundMethod.php(93): Illuminate\\Container\\Util::unwrapIfClosure()
#28 /media/khang/Data1/Resources/BookStack/resource/vendor/laravel/framework/src/Illuminate/Container/BoundMethod.php(37): Illuminate\\Container\\BoundMethod::callBoundMethod()
#29 /media/khang/Data1/Resources/BookStack/resource/vendor/laravel/framework/src/Illuminate/Container/Container.php(661): Illuminate\\Container\\BoundMethod::call()
#30 /media/khang/Data1/Resources/BookStack/resource/vendor/laravel/framework/src/Illuminate/Console/Command.php(183): Illuminate\\Container\\Container->call()
#31 /media/khang/Data1/Resources/BookStack/resource/vendor/symfony/console/Command/Command.php(291): Illuminate\\Console\\Command->execute()
#32 /media/khang/Data1/Resources/BookStack/resource/vendor/laravel/framework/src/Illuminate/Console/Command.php(153): Symfony\\Component\\Console\\Command\\Command->run()
#33 /media/khang/Data1/Resources/BookStack/resource/vendor/symfony/console/Application.php(1014): Illuminate\\Console\\Command->run()
#34 /media/khang/Data1/Resources/BookStack/resource/vendor/symfony/console/Application.php(301): Symfony\\Component\\Console\\Application->doRunCommand()
#35 /media/khang/Data1/Resources/BookStack/resource/vendor/symfony/console/Application.php(171): Symfony\\Component\\Console\\Application->doRun()
#36 /media/khang/Data1/Resources/BookStack/resource/vendor/laravel/framework/src/Illuminate/Console/Application.php(102): Symfony\\Component\\Console\\Application->run()
#37 /media/khang/Data1/Resources/BookStack/resource/vendor/laravel/framework/src/Illuminate/Foundation/Console/Kernel.php(155): Illuminate\\Console\\Application->run()
#38 /media/khang/Data1/Resources/BookStack/resource/artisan(37): Illuminate\\Foundation\\Console\\Kernel->handle()
#39 {main}
"} 
[2023-04-26 08:32:46] development.ERROR: SQLSTATE[HY000] [2002] No such file or directory (SQL: select * from information_schema.tables where table_schema = bookstack_db and table_name = migrations and table_type = 'BASE TABLE') {"exception":"[object] (Illuminate\\Database\\QueryException(code: 2002): SQLSTATE[HY000] [2002] No such file or directory (SQL: select * from information_schema.tables where table_schema = bookstack_db and table_name = migrations and table_type = 'BASE TABLE') at /media/khang/Data1/Resources/BookStack/resource/vendor/laravel/framework/src/Illuminate/Database/Connection.php:760)
[stacktrace]
#0 /media/khang/Data1/Resources/BookStack/resource/vendor/laravel/framework/src/Illuminate/Database/Connection.php(899): Illuminate\\Database\\Connection->runQueryCallback()
#1 /media/khang/Data1/Resources/BookStack/resource/vendor/laravel/framework/src/Illuminate/Database/Connection.php(879): Illuminate\\Database\\Connection->tryAgainIfCausedByLostConnection()
#2 /media/khang/Data1/Resources/BookStack/resource/vendor/laravel/framework/src/Illuminate/Database/Connection.php(723): Illuminate\\Database\\Connection->handleQueryException()
#3 /media/khang/Data1/Resources/BookStack/resource/vendor/laravel/framework/src/Illuminate/Database/Connection.php(422): Illuminate\\Database\\Connection->run()
#4 /media/khang/Data1/Resources/BookStack/resource/vendor/laravel/framework/src/Illuminate/Database/Connection.php(392): Illuminate\\Database\\Connection->select()
#5 /media/khang/Data1/Resources/BookStack/resource/vendor/laravel/framework/src/Illuminate/Database/Schema/MySqlBuilder.php(44): Illuminate\\Database\\Connection->selectFromWriteConnection()
#6 /media/khang/Data1/Resources/BookStack/resource/vendor/laravel/framework/src/Illuminate/Database/Migrations/DatabaseMigrationRepository.php(169): Illuminate\\Database\\Schema\\MySqlBuilder->hasTable()
#7 /media/khang/Data1/Resources/BookStack/resource/vendor/laravel/framework/src/Illuminate/Database/Migrations/Migrator.php(695): Illuminate\\Database\\Migrations\\DatabaseMigrationRepository->repositoryExists()
#8 /media/khang/Data1/Resources/BookStack/resource/vendor/laravel/framework/src/Illuminate/Database/Console/Migrations/MigrateCommand.php(138): Illuminate\\Database\\Migrations\\Migrator->repositoryExists()
#9 /media/khang/Data1/Resources/BookStack/resource/vendor/laravel/framework/src/Illuminate/Support/helpers.php(247): Illuminate\\Database\\Console\\Migrations\\MigrateCommand->Illuminate\\Database\\Console\\Migrations\\{closure}()
#10 /media/khang/Data1/Resources/BookStack/resource/vendor/laravel/framework/src/Illuminate/Database/Console/Migrations/MigrateCommand.php(157): retry()
#11 /media/khang/Data1/Resources/BookStack/resource/vendor/laravel/framework/src/Illuminate/Database/Console/Migrations/MigrateCommand.php(114): Illuminate\\Database\\Console\\Migrations\\MigrateCommand->repositoryExists()
#12 /media/khang/Data1/Resources/BookStack/resource/vendor/laravel/framework/src/Illuminate/Database/Console/Migrations/MigrateCommand.php(82): Illuminate\\Database\\Console\\Migrations\\MigrateCommand->prepareDatabase()
#13 /media/khang/Data1/Resources/BookStack/resource/vendor/laravel/framework/src/Illuminate/Database/Migrations/Migrator.php(628): Illuminate\\Database\\Console\\Migrations\\MigrateCommand->Illuminate\\Database\\Console\\Migrations\\{closure}()
#14 /media/khang/Data1/Resources/BookStack/resource/vendor/laravel/framework/src/Illuminate/Database/Console/Migrations/MigrateCommand.php(102): Illuminate\\Database\\Migrations\\Migrator->usingConnection()
#15 /media/khang/Data1/Resources/BookStack/resource/vendor/laravel/framework/src/Illuminate/Container/BoundMethod.php(36): Illuminate\\Database\\Console\\Migrations\\MigrateCommand->handle()
#16 /media/khang/Data1/Resources/BookStack/resource/vendor/laravel/framework/src/Illuminate/Container/Util.php(41): Illuminate\\Container\\BoundMethod::Illuminate\\Container\\{closure}()
#17 /media/khang/Data1/Resources/BookStack/resource/vendor/laravel/framework/src/Illuminate/Container/BoundMethod.php(93): Illuminate\\Container\\Util::unwrapIfClosure()
#18 /media/khang/Data1/Resources/BookStack/resource/vendor/laravel/framework/src/Illuminate/Container/BoundMethod.php(37): Illuminate\\Container\\BoundMethod::callBoundMethod()
#19 /media/khang/Data1/Resources/BookStack/resource/vendor/laravel/framework/src/Illuminate/Container/Container.php(661): Illuminate\\Container\\BoundMethod::call()
#20 /media/khang/Data1/Resources/BookStack/resource/vendor/laravel/framework/src/Illuminate/Console/Command.php(183): Illuminate\\Container\\Container->call()
#21 /media/khang/Data1/Resources/BookStack/resource/vendor/symfony/console/Command/Command.php(291): Illuminate\\Console\\Command->execute()
#22 /media/khang/Data1/Resources/BookStack/resource/vendor/laravel/framework/src/Illuminate/Console/Command.php(153): Symfony\\Component\\Console\\Command\\Command->run()
#23 /media/khang/Data1/Resources/BookStack/resource/vendor/symfony/console/Application.php(1014): Illuminate\\Console\\Command->run()
#24 /media/khang/Data1/Resources/BookStack/resource/vendor/symfony/console/Application.php(301): Symfony\\Component\\Console\\Application->doRunCommand()
#25 /media/khang/Data1/Resources/BookStack/resource/vendor/symfony/console/Application.php(171): Symfony\\Component\\Console\\Application->doRun()
#26 /media/khang/Data1/Resources/BookStack/resource/vendor/laravel/framework/src/Illuminate/Console/Application.php(102): Symfony\\Component\\Console\\Application->run()
#27 /media/khang/Data1/Resources/BookStack/resource/vendor/laravel/framework/src/Illuminate/Foundation/Console/Kernel.php(155): Illuminate\\Console\\Application->run()
#28 /media/khang/Data1/Resources/BookStack/resource/artisan(37): Illuminate\\Foundation\\Console\\Kernel->handle()
#29 {main}

[previous exception] [object] (PDOException(code: 2002): SQLSTATE[HY000] [2002] No such file or directory at /media/khang/Data1/Resources/BookStack/resource/vendor/laravel/framework/src/Illuminate/Database/Connectors/Connector.php:70)
[stacktrace]
#0 /media/khang/Data1/Resources/BookStack/resource/vendor/laravel/framework/src/Illuminate/Database/Connectors/Connector.php(70): PDO->__construct()
#1 /media/khang/Data1/Resources/BookStack/resource/vendor/laravel/framework/src/Illuminate/Database/Connectors/Connector.php(100): Illuminate\\Database\\Connectors\\Connector->createPdoConnection()
#2 /media/khang/Data1/Resources/BookStack/resource/vendor/laravel/framework/src/Illuminate/Database/Connectors/Connector.php(50): Illuminate\\Database\\Connectors\\Connector->tryAgainIfCausedByLostConnection()
#3 /media/khang/Data1/Resources/BookStack/resource/vendor/laravel/framework/src/Illuminate/Database/Connectors/MySqlConnector.php(24): Illuminate\\Database\\Connectors\\Connector->createConnection()
#4 /media/khang/Data1/Resources/BookStack/resource/vendor/laravel/framework/src/Illuminate/Database/Connectors/ConnectionFactory.php(184): Illuminate\\Database\\Connectors\\MySqlConnector->connect()
#5 [internal function]: Illuminate\\Database\\Connectors\\ConnectionFactory->Illuminate\\Database\\Connectors\\{closure}()
#6 /media/khang/Data1/Resources/BookStack/resource/vendor/laravel/framework/src/Illuminate/Database/Connection.php(1181): call_user_func()
#7 /media/khang/Data1/Resources/BookStack/resource/vendor/laravel/framework/src/Illuminate/Database/Connection.php(486): Illuminate\\Database\\Connection->getPdo()
#8 /media/khang/Data1/Resources/BookStack/resource/vendor/laravel/framework/src/Illuminate/Database/Connection.php(414): Illuminate\\Database\\Connection->getPdoForSelect()
#9 /media/khang/Data1/Resources/BookStack/resource/vendor/laravel/framework/src/Illuminate/Database/Connection.php(753): Illuminate\\Database\\Connection->Illuminate\\Database\\{closure}()
#10 /media/khang/Data1/Resources/BookStack/resource/vendor/laravel/framework/src/Illuminate/Database/Connection.php(899): Illuminate\\Database\\Connection->runQueryCallback()
#11 /media/khang/Data1/Resources/BookStack/resource/vendor/laravel/framework/src/Illuminate/Database/Connection.php(879): Illuminate\\Database\\Connection->tryAgainIfCausedByLostConnection()
#12 /media/khang/Data1/Resources/BookStack/resource/vendor/laravel/framework/src/Illuminate/Database/Connection.php(723): Illuminate\\Database\\Connection->handleQueryException()
#13 /media/khang/Data1/Resources/BookStack/resource/vendor/laravel/framework/src/Illuminate/Database/Connection.php(422): Illuminate\\Database\\Connection->run()
#14 /media/khang/Data1/Resources/BookStack/resource/vendor/laravel/framework/src/Illuminate/Database/Connection.php(392): Illuminate\\Database\\Connection->select()
#15 /media/khang/Data1/Resources/BookStack/resource/vendor/laravel/framework/src/Illuminate/Database/Schema/MySqlBuilder.php(44): Illuminate\\Database\\Connection->selectFromWriteConnection()
#16 /media/khang/Data1/Resources/BookStack/resource/vendor/laravel/framework/src/Illuminate/Database/Migrations/DatabaseMigrationRepository.php(169): Illuminate\\Database\\Schema\\MySqlBuilder->hasTable()
#17 /media/khang/Data1/Resources/BookStack/resource/vendor/laravel/framework/src/Illuminate/Database/Migrations/Migrator.php(695): Illuminate\\Database\\Migrations\\DatabaseMigrationRepository->repositoryExists()
#18 /media/khang/Data1/Resources/BookStack/resource/vendor/laravel/framework/src/Illuminate/Database/Console/Migrations/MigrateCommand.php(138): Illuminate\\Database\\Migrations\\Migrator->repositoryExists()
#19 /media/khang/Data1/Resources/BookStack/resource/vendor/laravel/framework/src/Illuminate/Support/helpers.php(247): Illuminate\\Database\\Console\\Migrations\\MigrateCommand->Illuminate\\Database\\Console\\Migrations\\{closure}()
#20 /media/khang/Data1/Resources/BookStack/resource/vendor/laravel/framework/src/Illuminate/Database/Console/Migrations/MigrateCommand.php(157): retry()
#21 /media/khang/Data1/Resources/BookStack/resource/vendor/laravel/framework/src/Illuminate/Database/Console/Migrations/MigrateCommand.php(114): Illuminate\\Database\\Console\\Migrations\\MigrateCommand->repositoryExists()
#22 /media/khang/Data1/Resources/BookStack/resource/vendor/laravel/framework/src/Illuminate/Database/Console/Migrations/MigrateCommand.php(82): Illuminate\\Database\\Console\\Migrations\\MigrateCommand->prepareDatabase()
#23 /media/khang/Data1/Resources/BookStack/resource/vendor/laravel/framework/src/Illuminate/Database/Migrations/Migrator.php(628): Illuminate\\Database\\Console\\Migrations\\MigrateCommand->Illuminate\\Database\\Console\\Migrations\\{closure}()
#24 /media/khang/Data1/Resources/BookStack/resource/vendor/laravel/framework/src/Illuminate/Database/Console/Migrations/MigrateCommand.php(102): Illuminate\\Database\\Migrations\\Migrator->usingConnection()
#25 /media/khang/Data1/Resources/BookStack/resource/vendor/laravel/framework/src/Illuminate/Container/BoundMethod.php(36): Illuminate\\Database\\Console\\Migrations\\MigrateCommand->handle()
#26 /media/khang/Data1/Resources/BookStack/resource/vendor/laravel/framework/src/Illuminate/Container/Util.php(41): Illuminate\\Container\\BoundMethod::Illuminate\\Container\\{closure}()
#27 /media/khang/Data1/Resources/BookStack/resource/vendor/laravel/framework/src/Illuminate/Container/BoundMethod.php(93): Illuminate\\Container\\Util::unwrapIfClosure()
#28 /media/khang/Data1/Resources/BookStack/resource/vendor/laravel/framework/src/Illuminate/Container/BoundMethod.php(37): Illuminate\\Container\\BoundMethod::callBoundMethod()
#29 /media/khang/Data1/Resources/BookStack/resource/vendor/laravel/framework/src/Illuminate/Container/Container.php(661): Illuminate\\Container\\BoundMethod::call()
#30 /media/khang/Data1/Resources/BookStack/resource/vendor/laravel/framework/src/Illuminate/Console/Command.php(183): Illuminate\\Container\\Container->call()
#31 /media/khang/Data1/Resources/BookStack/resource/vendor/symfony/console/Command/Command.php(291): Illuminate\\Console\\Command->execute()
#32 /media/khang/Data1/Resources/BookStack/resource/vendor/laravel/framework/src/Illuminate/Console/Command.php(153): Symfony\\Component\\Console\\Command\\Command->run()
#33 /media/khang/Data1/Resources/BookStack/resource/vendor/symfony/console/Application.php(1014): Illuminate\\Console\\Command->run()
#34 /media/khang/Data1/Resources/BookStack/resource/vendor/symfony/console/Application.php(301): Symfony\\Component\\Console\\Application->doRunCommand()
#35 /media/khang/Data1/Resources/BookStack/resource/vendor/symfony/console/Application.php(171): Symfony\\Component\\Console\\Application->doRun()
#36 /media/khang/Data1/Resources/BookStack/resource/vendor/laravel/framework/src/Illuminate/Console/Application.php(102): Symfony\\Component\\Console\\Application->run()
#37 /media/khang/Data1/Resources/BookStack/resource/vendor/laravel/framework/src/Illuminate/Foundation/Console/Kernel.php(155): Illuminate\\Console\\Application->run()
#38 /media/khang/Data1/Resources/BookStack/resource/artisan(37): Illuminate\\Foundation\\Console\\Kernel->handle()
#39 {main}
"} 
